This file contains any messages produced by compilers while
running configure, to aid debugging if configure makes a mistake.

It was created by configure, which was
generated by GNU Autoconf 2.59.  Invocation command line was

  $ ./configure 

## --------- ##
## Platform. ##
## --------- ##

hostname = Duncan-Temple-Langs-MacBook-Pro.local
uname -m = x86_64
uname -r = 11.0.0
uname -s = Darwin
uname -v = Darwin Kernel Version 11.0.0: Sat Jun 18 12:56:35 PDT 2011; root:xnu-1699.22.73~1/RELEASE_X86_64

/usr/bin/uname -p = i386
/bin/uname -X     = unknown

/bin/arch              = unknown
/usr/bin/arch -k       = unknown
/usr/convex/getsysinfo = unknown
hostinfo               = Mach kernel version:
	 Darwin Kernel Version 11.0.0: Sat Jun 18 12:56:35 PDT 2011; root:xnu-1699.22.73~1/RELEASE_X86_64
Kernel configured for up to 4 processors.
2 processors are physically available.
4 processors are logically available.
Processor type: i486 (Intel 80486)
Processors active: 0 1 2 3
Primary memory available: 8.00 gigabytes
Default processor set: 232 tasks, 983 threads, 4 processors
Load average: 3.26, Mach factor: 1.94
/bin/machine           = unknown
/usr/bin/oslevel       = unknown
/bin/universe          = unknown

PATH: /Library/Frameworks/Python.framework/Versions/Current/bin
PATH: /Library/Frameworks/Python.framework/Versions/2.6/bin
PATH: .
PATH: /usr/local/bin
PATH: .
PATH: /Users/duncan/bin
PATH: /Users/duncan/local/bin
PATH: /usr/bin
PATH: /usr/texbin
PATH: /usr/local/mysql/bin
PATH: /usr/local/noweb
PATH: /usr/local/jdk/bin
PATH: /usr/local/src/j2sdk1.3.1/bin
PATH: /usr/local/bin
PATH: /usr/statdept/bin
PATH: /usr/local/X11/bin
PATH: /usr/local/pgsql/bin
PATH: /usr/bin
PATH: /bin
PATH: /usr/local/gwTeX/bin/powerpc-apple-darwin-current
PATH: /usr/X11R6/bin
PATH: /opt/local/bin
PATH: /var/duncan/office52
PATH: /Users/duncan/Projects/org/omegahat/bin


## ----------- ##
## Core tests. ##
## ----------- ##

configure:1265: checking for curl-config
configure:1283: found /usr/local/bin/curl-config
configure:1295: result: /usr/local/bin/curl-config
configure:1360: checking for gcc
configure:1376: found /usr/bin/gcc
configure:1386: result: gcc
configure:1630: checking for C compiler version
configure:1633: gcc --version </dev/null >&5
i686-apple-darwin11-llvm-gcc-4.2 (GCC) 4.2.1 (Based on Apple Inc. build 5658) (LLVM build 2335.15.00)
Copyright (C) 2007 Free Software Foundation, Inc.
This is free software; see the source for copying conditions.  There is NO
warranty; not even for MERCHANTABILITY or FITNESS FOR A PARTICULAR PURPOSE.

configure:1636: $? = 0
configure:1638: gcc -v </dev/null >&5
Using built-in specs.
Target: i686-apple-darwin11
Configured with: /private/var/tmp/llvmgcc42/llvmgcc42-2335.15~25/src/configure --disable-checking --enable-werror --prefix=/Developer/usr/llvm-gcc-4.2 --mandir=/share/man --enable-languages=c,objc,c++,obj-c++ --program-prefix=llvm- --program-transform-name=/^[cg][^.-]*$/s/$/-4.2/ --with-slibdir=/usr/lib --build=i686-apple-darwin11 --enable-llvm=/private/var/tmp/llvmgcc42/llvmgcc42-2335.15~25/dst-llvmCore/Developer/usr/local --program-prefix=i686-apple-darwin11- --host=x86_64-apple-darwin11 --target=i686-apple-darwin11 --with-gxx-include-dir=/usr/include/c++/4.2.1
Thread model: posix
gcc version 4.2.1 (Based on Apple Inc. build 5658) (LLVM build 2335.15.00)
configure:1641: $? = 0
configure:1643: gcc -V </dev/null >&5
llvm-gcc-4.2: argument to `-V' is missing
configure:1646: $? = 1
configure:1669: checking for C compiler default output file name
configure:1672: gcc    conftest.c  >&5
configure:1675: $? = 0
configure:1721: result: a.out
configure:1726: checking whether the C compiler works
configure:1732: ./a.out
configure:1735: $? = 0
configure:1752: result: yes
configure:1759: checking whether we are cross compiling
configure:1761: result: no
configure:1764: checking for suffix of executables
configure:1766: gcc -o conftest    conftest.c  >&5
configure:1769: $? = 0
configure:1794: result: 
configure:1800: checking for suffix of object files
configure:1821: gcc -c   conftest.c >&5
configure:1824: $? = 0
configure:1846: result: o
configure:1850: checking whether we are using the GNU C compiler
configure:1874: gcc -c   conftest.c >&5
configure:1880: $? = 0
configure:1884: test -z 
			 || test ! -s conftest.err
configure:1887: $? = 0
configure:1890: test -s conftest.o
configure:1893: $? = 0
configure:1906: result: yes
configure:1912: checking whether gcc accepts -g
configure:1933: gcc -c -g  conftest.c >&5
configure:1939: $? = 0
configure:1943: test -z 
			 || test ! -s conftest.err
configure:1946: $? = 0
configure:1949: test -s conftest.o
configure:1952: $? = 0
configure:1963: result: yes
configure:1980: checking for gcc option to accept ANSI C
configure:2050: gcc  -c -g -O2  conftest.c >&5
configure:2056: $? = 0
configure:2060: test -z 
			 || test ! -s conftest.err
configure:2063: $? = 0
configure:2066: test -s conftest.o
configure:2069: $? = 0
configure:2087: result: none needed
configure:2105: gcc -c -g -O2  conftest.c >&5
conftest.c:2: error: expected '=', ',', ';', 'asm' or '__attribute__' before 'me'
configure:2111: $? = 1
configure: failed program was:
| #ifndef __cplusplus
|   choke me
| #endif
configure:2249: checking how to run the C preprocessor
configure:2284: gcc -E  conftest.c
configure:2290: $? = 0
configure:2322: gcc -E  conftest.c
conftest.c:9:28: error: ac_nonexistent.h: No such file or directory
configure:2328: $? = 1
configure: failed program was:
| /* confdefs.h.  */
| 
| #define PACKAGE_NAME ""
| #define PACKAGE_TARNAME ""
| #define PACKAGE_VERSION ""
| #define PACKAGE_STRING ""
| #define PACKAGE_BUGREPORT ""
| /* end confdefs.h.  */
| #include <ac_nonexistent.h>
configure:2367: result: gcc -E
configure:2391: gcc -E  conftest.c
configure:2397: $? = 0
configure:2429: gcc -E  conftest.c
conftest.c:9:28: error: ac_nonexistent.h: No such file or directory
configure:2435: $? = 1
configure: failed program was:
| /* confdefs.h.  */
| 
| #define PACKAGE_NAME ""
| #define PACKAGE_TARNAME ""
| #define PACKAGE_VERSION ""
| #define PACKAGE_STRING ""
| #define PACKAGE_BUGREPORT ""
| /* end confdefs.h.  */
| #include <ac_nonexistent.h>
configure:2505: gcc -c -g -O2  -I/usr/local/include conftest.c >&5
conftest.c: In function 'main':
conftest.c:18: warning: assignment discards qualifiers from pointer target type
configure:2511: $? = 0
configure:2515: test -z 
			 || test ! -s conftest.err
configure:2518: $? = 0
configure:2521: test -s conftest.o
configure:2524: $? = 0
configure:2564: gcc -c -g -O2  -I/usr/local/include conftest.c >&5
configure:2570: $? = 0
configure:2574: test -z 
			 || test ! -s conftest.err
configure:2577: $? = 0
configure:2580: test -s conftest.o
configure:2583: $? = 0
configure:2620: gcc -c -g -O2  -I/usr/local/include conftest.c >&5
configure:2626: $? = 0
configure:2630: test -z 
			 || test ! -s conftest.err
configure:2633: $? = 0
configure:2636: test -s conftest.o
configure:2639: $? = 0
configure:2673: gcc -c -g -O2  -I/usr/local/include conftest.c >&5
configure:2679: $? = 0
configure:2683: test -z 
			 || test ! -s conftest.err
configure:2686: $? = 0
configure:2689: test -s conftest.o
configure:2692: $? = 0
configure:2726: gcc -c -g -O2  -I/usr/local/include conftest.c >&5
configure:2732: $? = 0
configure:2736: test -z 
			 || test ! -s conftest.err
configure:2739: $? = 0
configure:2742: test -s conftest.o
configure:2745: $? = 0
configure:2779: gcc -c -g -O2  -I/usr/local/include conftest.c >&5
configure:2785: $? = 0
configure:2789: test -z 
			 || test ! -s conftest.err
configure:2792: $? = 0
configure:2795: test -s conftest.o
configure:2798: $? = 0
configure:2832: gcc -c -g -O2  -I/usr/local/include conftest.c >&5
configure:2838: $? = 0
configure:2842: test -z 
			 || test ! -s conftest.err
configure:2845: $? = 0
configure:2848: test -s conftest.o
configure:2851: $? = 0
configure:2885: gcc -c -g -O2  -I/usr/local/include conftest.c >&5
configure:2891: $? = 0
configure:2895: test -z 
			 || test ! -s conftest.err
configure:2898: $? = 0
configure:2901: test -s conftest.o
configure:2904: $? = 0
configure:2938: gcc -c -g -O2  -I/usr/local/include conftest.c >&5
configure:2944: $? = 0
configure:2948: test -z 
			 || test ! -s conftest.err
configure:2951: $? = 0
configure:2954: test -s conftest.o
configure:2957: $? = 0
configure:2991: gcc -c -g -O2  -I/usr/local/include conftest.c >&5
configure:2997: $? = 0
configure:3001: test -z 
			 || test ! -s conftest.err
configure:3004: $? = 0
configure:3007: test -s conftest.o
configure:3010: $? = 0
configure:3044: gcc -c -g -O2  -I/usr/local/include conftest.c >&5
configure:3050: $? = 0
configure:3054: test -z 
			 || test ! -s conftest.err
configure:3057: $? = 0
configure:3060: test -s conftest.o
configure:3063: $? = 0
configure:3097: gcc -c -g -O2  -I/usr/local/include conftest.c >&5
configure:3103: $? = 0
configure:3107: test -z 
			 || test ! -s conftest.err
configure:3110: $? = 0
configure:3113: test -s conftest.o
configure:3116: $? = 0
configure:3150: gcc -c -g -O2  -I/usr/local/include conftest.c >&5
configure:3156: $? = 0
configure:3160: test -z 
			 || test ! -s conftest.err
configure:3163: $? = 0
configure:3166: test -s conftest.o
configure:3169: $? = 0
configure:3203: gcc -c -g -O2  -I/usr/local/include conftest.c >&5
configure:3209: $? = 0
configure:3213: test -z 
			 || test ! -s conftest.err
configure:3216: $? = 0
configure:3219: test -s conftest.o
configure:3222: $? = 0
configure:3256: gcc -c -g -O2  -I/usr/local/include conftest.c >&5
configure:3262: $? = 0
configure:3266: test -z 
			 || test ! -s conftest.err
configure:3269: $? = 0
configure:3272: test -s conftest.o
configure:3275: $? = 0
configure:3309: gcc -c -g -O2  -I/usr/local/include conftest.c >&5
configure:3315: $? = 0
configure:3319: test -z 
			 || test ! -s conftest.err
configure:3322: $? = 0
configure:3325: test -s conftest.o
configure:3328: $? = 0
configure:3362: gcc -c -g -O2  -I/usr/local/include conftest.c >&5
configure:3368: $? = 0
configure:3372: test -z 
			 || test ! -s conftest.err
configure:3375: $? = 0
configure:3378: test -s conftest.o
configure:3381: $? = 0
configure:3415: gcc -c -g -O2  -I/usr/local/include conftest.c >&5
configure:3421: $? = 0
configure:3425: test -z 
			 || test ! -s conftest.err
configure:3428: $? = 0
configure:3431: test -s conftest.o
configure:3434: $? = 0
configure:3468: gcc -c -g -O2  -I/usr/local/include conftest.c >&5
configure:3474: $? = 0
configure:3478: test -z 
			 || test ! -s conftest.err
configure:3481: $? = 0
configure:3484: test -s conftest.o
configure:3487: $? = 0
configure:3521: gcc -c -g -O2  -I/usr/local/include conftest.c >&5
configure:3527: $? = 0
configure:3531: test -z 
			 || test ! -s conftest.err
configure:3534: $? = 0
configure:3537: test -s conftest.o
configure:3540: $? = 0
configure:3574: gcc -c -g -O2  -I/usr/local/include conftest.c >&5
configure:3580: $? = 0
configure:3584: test -z 
			 || test ! -s conftest.err
configure:3587: $? = 0
configure:3590: test -s conftest.o
configure:3593: $? = 0
configure:3627: gcc -c -g -O2  -I/usr/local/include conftest.c >&5
configure:3633: $? = 0
configure:3637: test -z 
			 || test ! -s conftest.err
configure:3640: $? = 0
configure:3643: test -s conftest.o
configure:3646: $? = 0
configure:3680: gcc -c -g -O2  -I/usr/local/include conftest.c >&5
configure:3686: $? = 0
configure:3690: test -z 
			 || test ! -s conftest.err
configure:3693: $? = 0
configure:3696: test -s conftest.o
configure:3699: $? = 0
configure:3733: gcc -c -g -O2  -I/usr/local/include conftest.c >&5
configure:3739: $? = 0
configure:3743: test -z 
			 || test ! -s conftest.err
configure:3746: $? = 0
configure:3749: test -s conftest.o
configure:3752: $? = 0
configure:3786: gcc -c -g -O2  -I/usr/local/include conftest.c >&5
configure:3792: $? = 0
configure:3796: test -z 
			 || test ! -s conftest.err
configure:3799: $? = 0
configure:3802: test -s conftest.o
configure:3805: $? = 0
configure:3839: gcc -c -g -O2  -I/usr/local/include conftest.c >&5
configure:3845: $? = 0
configure:3849: test -z 
			 || test ! -s conftest.err
configure:3852: $? = 0
configure:3855: test -s conftest.o
configure:3858: $? = 0
configure:3892: gcc -c -g -O2  -I/usr/local/include conftest.c >&5
configure:3898: $? = 0
configure:3902: test -z 
			 || test ! -s conftest.err
configure:3905: $? = 0
configure:3908: test -s conftest.o
configure:3911: $? = 0
configure:3945: gcc -c -g -O2  -I/usr/local/include conftest.c >&5
configure:3951: $? = 0
configure:3955: test -z 
			 || test ! -s conftest.err
configure:3958: $? = 0
configure:3961: test -s conftest.o
configure:3964: $? = 0
configure:3998: gcc -c -g -O2  -I/usr/local/include conftest.c >&5
configure:4004: $? = 0
configure:4008: test -z 
			 || test ! -s conftest.err
configure:4011: $? = 0
configure:4014: test -s conftest.o
configure:4017: $? = 0
configure:4051: gcc -c -g -O2  -I/usr/local/include conftest.c >&5
configure:4057: $? = 0
configure:4061: test -z 
			 || test ! -s conftest.err
configure:4064: $? = 0
configure:4067: test -s conftest.o
configure:4070: $? = 0
configure:4104: gcc -c -g -O2  -I/usr/local/include conftest.c >&5
configure:4110: $? = 0
configure:4114: test -z 
			 || test ! -s conftest.err
configure:4117: $? = 0
configure:4120: test -s conftest.o
configure:4123: $? = 0
configure:4157: gcc -c -g -O2  -I/usr/local/include conftest.c >&5
configure:4163: $? = 0
configure:4167: test -z 
			 || test ! -s conftest.err
configure:4170: $? = 0
configure:4173: test -s conftest.o
configure:4176: $? = 0
configure:4210: gcc -c -g -O2  -I/usr/local/include conftest.c >&5
configure:4216: $? = 0
configure:4220: test -z 
			 || test ! -s conftest.err
configure:4223: $? = 0
configure:4226: test -s conftest.o
configure:4229: $? = 0
configure:4263: gcc -c -g -O2  -I/usr/local/include conftest.c >&5
configure:4269: $? = 0
configure:4273: test -z 
			 || test ! -s conftest.err
configure:4276: $? = 0
configure:4279: test -s conftest.o
configure:4282: $? = 0
configure:4316: gcc -c -g -O2  -I/usr/local/include conftest.c >&5
configure:4322: $? = 0
configure:4326: test -z 
			 || test ! -s conftest.err
configure:4329: $? = 0
configure:4332: test -s conftest.o
configure:4335: $? = 0
configure:4369: gcc -c -g -O2  -I/usr/local/include conftest.c >&5
configure:4375: $? = 0
configure:4379: test -z 
			 || test ! -s conftest.err
configure:4382: $? = 0
configure:4385: test -s conftest.o
configure:4388: $? = 0
configure:4422: gcc -c -g -O2  -I/usr/local/include conftest.c >&5
configure:4428: $? = 0
configure:4432: test -z 
			 || test ! -s conftest.err
configure:4435: $? = 0
configure:4438: test -s conftest.o
configure:4441: $? = 0
configure:4480: gcc -c -g -O2  -I/usr/local/include conftest.c >&5
configure:4486: $? = 0
configure:4490: test -z 
			 || test ! -s conftest.err
configure:4493: $? = 0
configure:4496: test -s conftest.o
configure:4499: $? = 0
configure:4533: gcc -c -g -O2  -I/usr/local/include conftest.c >&5
configure:4539: $? = 0
configure:4543: test -z 
			 || test ! -s conftest.err
configure:4546: $? = 0
configure:4549: test -s conftest.o
configure:4552: $? = 0
configure:4586: gcc -c -g -O2  -I/usr/local/include conftest.c >&5
configure:4592: $? = 0
configure:4596: test -z 
			 || test ! -s conftest.err
configure:4599: $? = 0
configure:4602: test -s conftest.o
configure:4605: $? = 0
configure:4639: gcc -c -g -O2  -I/usr/local/include conftest.c >&5
configure:4645: $? = 0
configure:4649: test -z 
			 || test ! -s conftest.err
configure:4652: $? = 0
configure:4655: test -s conftest.o
configure:4658: $? = 0
configure:4692: gcc -c -g -O2  -I/usr/local/include conftest.c >&5
configure:4698: $? = 0
configure:4702: test -z 
			 || test ! -s conftest.err
configure:4705: $? = 0
configure:4708: test -s conftest.o
configure:4711: $? = 0
configure:4745: gcc -c -g -O2  -I/usr/local/include conftest.c >&5
configure:4751: $? = 0
configure:4755: test -z 
			 || test ! -s conftest.err
configure:4758: $? = 0
configure:4761: test -s conftest.o
configure:4764: $? = 0
configure:4798: gcc -c -g -O2  -I/usr/local/include conftest.c >&5
configure:4804: $? = 0
configure:4808: test -z 
			 || test ! -s conftest.err
configure:4811: $? = 0
configure:4814: test -s conftest.o
configure:4817: $? = 0
configure:4851: gcc -c -g -O2  -I/usr/local/include conftest.c >&5
configure:4857: $? = 0
configure:4861: test -z 
			 || test ! -s conftest.err
configure:4864: $? = 0
configure:4867: test -s conftest.o
configure:4870: $? = 0
configure:4904: gcc -c -g -O2  -I/usr/local/include conftest.c >&5
configure:4910: $? = 0
configure:4914: test -z 
			 || test ! -s conftest.err
configure:4917: $? = 0
configure:4920: test -s conftest.o
configure:4923: $? = 0
configure:4957: gcc -c -g -O2  -I/usr/local/include conftest.c >&5
configure:4963: $? = 0
configure:4967: test -z 
			 || test ! -s conftest.err
configure:4970: $? = 0
configure:4973: test -s conftest.o
configure:4976: $? = 0
configure:5010: gcc -c -g -O2  -I/usr/local/include conftest.c >&5
configure:5016: $? = 0
configure:5020: test -z 
			 || test ! -s conftest.err
configure:5023: $? = 0
configure:5026: test -s conftest.o
configure:5029: $? = 0
configure:5063: gcc -c -g -O2  -I/usr/local/include conftest.c >&5
configure:5069: $? = 0
configure:5073: test -z 
			 || test ! -s conftest.err
configure:5076: $? = 0
configure:5079: test -s conftest.o
configure:5082: $? = 0
configure:5116: gcc -c -g -O2  -I/usr/local/include conftest.c >&5
configure:5122: $? = 0
configure:5126: test -z 
			 || test ! -s conftest.err
configure:5129: $? = 0
configure:5132: test -s conftest.o
configure:5135: $? = 0
configure:5169: gcc -c -g -O2  -I/usr/local/include conftest.c >&5
configure:5175: $? = 0
configure:5179: test -z 
			 || test ! -s conftest.err
configure:5182: $? = 0
configure:5185: test -s conftest.o
configure:5188: $? = 0
configure:5222: gcc -c -g -O2  -I/usr/local/include conftest.c >&5
configure:5228: $? = 0
configure:5232: test -z 
			 || test ! -s conftest.err
configure:5235: $? = 0
configure:5238: test -s conftest.o
configure:5241: $? = 0
configure:5275: gcc -c -g -O2  -I/usr/local/include conftest.c >&5
configure:5281: $? = 0
configure:5285: test -z 
			 || test ! -s conftest.err
configure:5288: $? = 0
configure:5291: test -s conftest.o
configure:5294: $? = 0
configure:5328: gcc -c -g -O2  -I/usr/local/include conftest.c >&5
configure:5334: $? = 0
configure:5338: test -z 
			 || test ! -s conftest.err
configure:5341: $? = 0
configure:5344: test -s conftest.o
configure:5347: $? = 0
configure:5381: gcc -c -g -O2  -I/usr/local/include conftest.c >&5
configure:5387: $? = 0
configure:5391: test -z 
			 || test ! -s conftest.err
configure:5394: $? = 0
configure:5397: test -s conftest.o
configure:5400: $? = 0
configure:5434: gcc -c -g -O2  -I/usr/local/include conftest.c >&5
configure:5440: $? = 0
configure:5444: test -z 
			 || test ! -s conftest.err
configure:5447: $? = 0
configure:5450: test -s conftest.o
configure:5453: $? = 0
configure:5487: gcc -c -g -O2  -I/usr/local/include conftest.c >&5
configure:5493: $? = 0
configure:5497: test -z 
			 || test ! -s conftest.err
configure:5500: $? = 0
configure:5503: test -s conftest.o
configure:5506: $? = 0
configure:5540: gcc -c -g -O2  -I/usr/local/include conftest.c >&5
configure:5546: $? = 0
configure:5550: test -z 
			 || test ! -s conftest.err
configure:5553: $? = 0
configure:5556: test -s conftest.o
configure:5559: $? = 0
configure:5593: gcc -c -g -O2  -I/usr/local/include conftest.c >&5
configure:5599: $? = 0
configure:5603: test -z 
			 || test ! -s conftest.err
configure:5606: $? = 0
configure:5609: test -s conftest.o
configure:5612: $? = 0
configure:5646: gcc -c -g -O2  -I/usr/local/include conftest.c >&5
configure:5652: $? = 0
configure:5656: test -z 
			 || test ! -s conftest.err
configure:5659: $? = 0
configure:5662: test -s conftest.o
configure:5665: $? = 0
configure:5699: gcc -c -g -O2  -I/usr/local/include conftest.c >&5
configure:5705: $? = 0
configure:5709: test -z 
			 || test ! -s conftest.err
configure:5712: $? = 0
configure:5715: test -s conftest.o
configure:5718: $? = 0
configure:5752: gcc -c -g -O2  -I/usr/local/include conftest.c >&5
configure:5758: $? = 0
configure:5762: test -z 
			 || test ! -s conftest.err
configure:5765: $? = 0
configure:5768: test -s conftest.o
configure:5771: $? = 0
configure:5805: gcc -c -g -O2  -I/usr/local/include conftest.c >&5
configure:5811: $? = 0
configure:5815: test -z 
			 || test ! -s conftest.err
configure:5818: $? = 0
configure:5821: test -s conftest.o
configure:5824: $? = 0
configure:5858: gcc -c -g -O2  -I/usr/local/include conftest.c >&5
configure:5864: $? = 0
configure:5868: test -z 
			 || test ! -s conftest.err
configure:5871: $? = 0
configure:5874: test -s conftest.o
configure:5877: $? = 0
configure:5911: gcc -c -g -O2  -I/usr/local/include conftest.c >&5
configure:5917: $? = 0
configure:5921: test -z 
			 || test ! -s conftest.err
configure:5924: $? = 0
configure:5927: test -s conftest.o
configure:5930: $? = 0
configure:5964: gcc -c -g -O2  -I/usr/local/include conftest.c >&5
configure:5970: $? = 0
configure:5974: test -z 
			 || test ! -s conftest.err
configure:5977: $? = 0
configure:5980: test -s conftest.o
configure:5983: $? = 0
configure:6017: gcc -c -g -O2  -I/usr/local/include conftest.c >&5
configure:6023: $? = 0
configure:6027: test -z 
			 || test ! -s conftest.err
configure:6030: $? = 0
configure:6033: test -s conftest.o
configure:6036: $? = 0
configure:6070: gcc -c -g -O2  -I/usr/local/include conftest.c >&5
configure:6076: $? = 0
configure:6080: test -z 
			 || test ! -s conftest.err
configure:6083: $? = 0
configure:6086: test -s conftest.o
configure:6089: $? = 0
configure:6123: gcc -c -g -O2  -I/usr/local/include conftest.c >&5
configure:6129: $? = 0
configure:6133: test -z 
			 || test ! -s conftest.err
configure:6136: $? = 0
configure:6139: test -s conftest.o
configure:6142: $? = 0
configure:6176: gcc -c -g -O2  -I/usr/local/include conftest.c >&5
configure:6182: $? = 0
configure:6186: test -z 
			 || test ! -s conftest.err
configure:6189: $? = 0
configure:6192: test -s conftest.o
configure:6195: $? = 0
configure:6229: gcc -c -g -O2  -I/usr/local/include conftest.c >&5
configure:6235: $? = 0
configure:6239: test -z 
			 || test ! -s conftest.err
configure:6242: $? = 0
configure:6245: test -s conftest.o
configure:6248: $? = 0
configure:6282: gcc -c -g -O2  -I/usr/local/include conftest.c >&5
configure:6288: $? = 0
configure:6292: test -z 
			 || test ! -s conftest.err
configure:6295: $? = 0
configure:6298: test -s conftest.o
configure:6301: $? = 0
configure:6335: gcc -c -g -O2  -I/usr/local/include conftest.c >&5
configure:6341: $? = 0
configure:6345: test -z 
			 || test ! -s conftest.err
configure:6348: $? = 0
configure:6351: test -s conftest.o
configure:6354: $? = 0
configure:6388: gcc -c -g -O2  -I/usr/local/include conftest.c >&5
configure:6394: $? = 0
configure:6398: test -z 
			 || test ! -s conftest.err
configure:6401: $? = 0
configure:6404: test -s conftest.o
configure:6407: $? = 0
configure:6441: gcc -c -g -O2  -I/usr/local/include conftest.c >&5
configure:6447: $? = 0
configure:6451: test -z 
			 || test ! -s conftest.err
configure:6454: $? = 0
configure:6457: test -s conftest.o
configure:6460: $? = 0
configure:6494: gcc -c -g -O2  -I/usr/local/include conftest.c >&5
configure:6500: $? = 0
configure:6504: test -z 
			 || test ! -s conftest.err
configure:6507: $? = 0
configure:6510: test -s conftest.o
configure:6513: $? = 0
configure:6547: gcc -c -g -O2  -I/usr/local/include conftest.c >&5
configure:6553: $? = 0
configure:6557: test -z 
			 || test ! -s conftest.err
configure:6560: $? = 0
configure:6563: test -s conftest.o
configure:6566: $? = 0
configure:6600: gcc -c -g -O2  -I/usr/local/include conftest.c >&5
configure:6606: $? = 0
configure:6610: test -z 
			 || test ! -s conftest.err
configure:6613: $? = 0
configure:6616: test -s conftest.o
configure:6619: $? = 0
configure:6653: gcc -c -g -O2  -I/usr/local/include conftest.c >&5
configure:6659: $? = 0
configure:6663: test -z 
			 || test ! -s conftest.err
configure:6666: $? = 0
configure:6669: test -s conftest.o
configure:6672: $? = 0
configure:6706: gcc -c -g -O2  -I/usr/local/include conftest.c >&5
configure:6712: $? = 0
configure:6716: test -z 
			 || test ! -s conftest.err
configure:6719: $? = 0
configure:6722: test -s conftest.o
configure:6725: $? = 0
configure:6759: gcc -c -g -O2  -I/usr/local/include conftest.c >&5
configure:6765: $? = 0
configure:6769: test -z 
			 || test ! -s conftest.err
configure:6772: $? = 0
configure:6775: test -s conftest.o
configure:6778: $? = 0
configure:6812: gcc -c -g -O2  -I/usr/local/include conftest.c >&5
configure:6818: $? = 0
configure:6822: test -z 
			 || test ! -s conftest.err
configure:6825: $? = 0
configure:6828: test -s conftest.o
configure:6831: $? = 0
configure:6865: gcc -c -g -O2  -I/usr/local/include conftest.c >&5
configure:6871: $? = 0
configure:6875: test -z 
			 || test ! -s conftest.err
configure:6878: $? = 0
configure:6881: test -s conftest.o
configure:6884: $? = 0
configure:6918: gcc -c -g -O2  -I/usr/local/include conftest.c >&5
configure:6924: $? = 0
configure:6928: test -z 
			 || test ! -s conftest.err
configure:6931: $? = 0
configure:6934: test -s conftest.o
configure:6937: $? = 0
configure:6971: gcc -c -g -O2  -I/usr/local/include conftest.c >&5
configure:6977: $? = 0
configure:6981: test -z 
			 || test ! -s conftest.err
configure:6984: $? = 0
configure:6987: test -s conftest.o
configure:6990: $? = 0
configure:7024: gcc -c -g -O2  -I/usr/local/include conftest.c >&5
configure:7030: $? = 0
configure:7034: test -z 
			 || test ! -s conftest.err
configure:7037: $? = 0
configure:7040: test -s conftest.o
configure:7043: $? = 0
configure:7077: gcc -c -g -O2  -I/usr/local/include conftest.c >&5
configure:7083: $? = 0
configure:7087: test -z 
			 || test ! -s conftest.err
configure:7090: $? = 0
configure:7093: test -s conftest.o
configure:7096: $? = 0
configure:7130: gcc -c -g -O2  -I/usr/local/include conftest.c >&5
configure:7136: $? = 0
configure:7140: test -z 
			 || test ! -s conftest.err
configure:7143: $? = 0
configure:7146: test -s conftest.o
configure:7149: $? = 0
configure:7183: gcc -c -g -O2  -I/usr/local/include conftest.c >&5
configure:7189: $? = 0
configure:7193: test -z 
			 || test ! -s conftest.err
configure:7196: $? = 0
configure:7199: test -s conftest.o
configure:7202: $? = 0
configure:7236: gcc -c -g -O2  -I/usr/local/include conftest.c >&5
configure:7242: $? = 0
configure:7246: test -z 
			 || test ! -s conftest.err
configure:7249: $? = 0
configure:7252: test -s conftest.o
configure:7255: $? = 0
configure:7425: creating ./config.status

## ---------------------- ##
## Running config.status. ##
## ---------------------- ##

This file was extended by config.status, which was
generated by GNU Autoconf 2.59.  Invocation command line was

  CONFIG_FILES    = 
  CONFIG_HEADERS  = 
  CONFIG_LINKS    = 
  CONFIG_COMMANDS = 
  $ ./config.status 

on Duncan-Temple-Langs-MacBook-Pro.local

config.status:636: creating src/Makevars

## ---------------- ##
## Cache variables. ##
## ---------------- ##

ac_cv_c_compiler_gnu=yes
ac_cv_env_CC_set=
ac_cv_env_CC_value=
ac_cv_env_CFLAGS_set=
ac_cv_env_CFLAGS_value=
ac_cv_env_CPPFLAGS_set=
ac_cv_env_CPPFLAGS_value=
ac_cv_env_CPP_set=
ac_cv_env_CPP_value=
ac_cv_env_LDFLAGS_set=
ac_cv_env_LDFLAGS_value=
ac_cv_env_build_alias_set=
ac_cv_env_build_alias_value=
ac_cv_env_host_alias_set=
ac_cv_env_host_alias_value=
ac_cv_env_target_alias_set=
ac_cv_env_target_alias_value=
ac_cv_exeext=
ac_cv_objext=o
ac_cv_path_CURL_CONFIG=/usr/local/bin/curl-config
ac_cv_prog_CPP='gcc -E'
ac_cv_prog_ac_ct_CC=gcc
ac_cv_prog_cc_g=yes
ac_cv_prog_cc_stdc=

## ----------------- ##
## Output variables. ##
## ----------------- ##

CC='gcc'
CFLAGS='-g -O2'
CPP='gcc -E'
CPPFLAGS=' -I/usr/local/include'
CURL_CFLAGS='-I/usr/local/include'
CURL_CONFIG='/usr/local/bin/curl-config'
CURL_LIBS='-L/usr/local/lib -lcurl -lssl -lcrypto -lldap -lz'
DEFINES=' -DHAVE_LIBIDN_FIELD=1 -DHAVE_CURLOPT_URL=1 -DHAVE_CURLINFO_EFFECTIVE_URL=1 -DHAVE_CURLINFO_RESPONSE_CODE=1 -DHAVE_CURLINFO_TOTAL_TIME=1 -DHAVE_CURLINFO_NAMELOOKUP_TIME=1 -DHAVE_CURLINFO_CONNECT_TIME=1 -DHAVE_CURLINFO_PRETRANSFER_TIME=1 -DHAVE_CURLINFO_SIZE_UPLOAD=1 -DHAVE_CURLINFO_SIZE_DOWNLOAD=1 -DHAVE_CURLINFO_SPEED_DOWNLOAD=1 -DHAVE_CURLINFO_SPEED_UPLOAD=1 -DHAVE_CURLINFO_HEADER_SIZE=1 -DHAVE_CURLINFO_REQUEST_SIZE=1 -DHAVE_CURLINFO_SSL_VERIFYRESULT=1 -DHAVE_CURLINFO_FILETIME=1 -DHAVE_CURLINFO_CONTENT_LENGTH_DOWNLOAD=1 -DHAVE_CURLINFO_CONTENT_LENGTH_UPLOAD=1 -DHAVE_CURLINFO_STARTTRANSFER_TIME=1 -DHAVE_CURLINFO_CONTENT_TYPE=1 -DHAVE_CURLINFO_REDIRECT_TIME=1 -DHAVE_CURLINFO_REDIRECT_COUNT=1 -DHAVE_CURLINFO_PRIVATE=1 -DHAVE_CURLINFO_HTTP_CONNECTCODE=1 -DHAVE_CURLINFO_HTTPAUTH_AVAIL=1 -DHAVE_CURLINFO_PROXYAUTH_AVAIL=1 -DHAVE_CURLINFO_OS_ERRNO=1 -DHAVE_CURLINFO_NUM_CONNECTS=1 -DHAVE_CURLINFO_SSL_ENGINES=1 -DHAVE_CURLINFO_COOKIELIST=1 -DHAVE_CURLINFO_LASTSOCKET=1 -DHAVE_CURLINFO_FTP_ENTRY_PATH=1 -DHAVE_CURLINFO_REDIRECT_URL=1 -DHAVE_CURLINFO_PRIMARY_IP=1 -DHAVE_CURLINFO_APPCONNECT_TIME=1 -DHAVE_CURLINFO_CERTINFO=1 -DHAVE_CURLINFO_CONDITION_UNMET=1 -DHAVE_CURLOPT_KEYPASSWD=1 -DHAVE_CURLOPT_DIRLISTONLY=1 -DHAVE_CURLOPT_APPEND=1 -DHAVE_CURLOPT_KRBLEVEL=1 -DHAVE_CURLOPT_USE_SSL=1 -DHAVE_CURLOPT_TIMEOUT_MS=1 -DHAVE_CURLOPT_CONNECTTIMEOUT_MS=1 -DHAVE_CURLOPT_HTTP_TRANSFER_DECODING=1 -DHAVE_CURLOPT_HTTP_CONTENT_DECODING=1 -DHAVE_CURLOPT_NEW_FILE_PERMS=1 -DHAVE_CURLOPT_NEW_DIRECTORY_PERMS=1 -DHAVE_CURLOPT_POSTREDIR=1 -DHAVE_CURLOPT_OPENSOCKETFUNCTION=1 -DHAVE_CURLOPT_OPENSOCKETDATA=1 -DHAVE_CURLOPT_COPYPOSTFIELDS=1 -DHAVE_CURLOPT_PROXY_TRANSFER_MODE=1 -DHAVE_CURLOPT_SEEKFUNCTION=1 -DHAVE_CURLOPT_SEEKDATA=1 -DHAVE_CURLOPT_CRLFILE=1 -DHAVE_CURLOPT_ISSUERCERT=1 -DHAVE_CURLOPT_ADDRESS_SCOPE=1 -DHAVE_CURLOPT_CERTINFO=1 -DHAVE_CURLOPT_USERNAME=1 -DHAVE_CURLOPT_PASSWORD=1 -DHAVE_CURLOPT_PROXYUSERNAME=1 -DHAVE_CURLOPT_PROXYPASSWORD=1 -DHAVE_CURLOPT_SSH_HOST_PUBLIC_KEY_MD5=1 -DHAVE_CURLOPT_NOPROXY=1 -DHAVE_CURLOPT_TFTP_BLKSIZE=1 -DHAVE_CURLOPT_SOCKS5_GSSAPI_SERVICE=1 -DHAVE_CURLOPT_SOCKS5_GSSAPI_NEC=1 -DHAVE_CURLOPT_PROTOCOLS=1 -DHAVE_CURLOPT_REDIR_PROTOCOLS=1 -DHAVE_CURLOPT_SSH_AUTH_TYPES=1 -DHAVE_CURLOPT_SSH_PUBLIC_KEYFILE=1 -DHAVE_CURLOPT_SSH_PRIVATE_KEYFILE=1 -DHAVE_CURLOPT_FTP_SSL_CCC=1 -DHAVE_CURLOPT_COOKIELIST=1 -DHAVE_CURLOPT_IGNORE_CONTENT_LENGTH=1 -DHAVE_CURLOPT_FTP_SKIP_PASV_IP=1 -DHAVE_CURLOPT_FTP_FILEMETHOD=1 -DHAVE_CURLOPT_LOCALPORT=1 -DHAVE_CURLOPT_LOCALPORTRANGE=1 -DHAVE_CURLOPT_CONNECT_ONLY=1 -DHAVE_CURLOPT_CONV_FROM_NETWORK_FUNCTION=1 -DHAVE_CURLOPT_CONV_TO_NETWORK_FUNCTION=1 -DHAVE_CURLOPT_CONV_FROM_UTF8_FUNCTION=1 -DHAVE_CURLOPT_MAX_SEND_SPEED_LARGE=1 -DHAVE_CURLOPT_MAX_RECV_SPEED_LARGE=1 -DHAVE_CURLOPT_FTP_ALTERNATIVE_TO_USER=1 -DHAVE_CURLOPT_SOCKOPTFUNCTION=1 -DHAVE_CURLOPT_SOCKOPTDATA=1 -DHAVE_CURLOPT_SSL_SESSIONID_CACHE=1'
DEFS='-DPACKAGE_NAME=\"\" -DPACKAGE_TARNAME=\"\" -DPACKAGE_VERSION=\"\" -DPACKAGE_STRING=\"\" -DPACKAGE_BUGREPORT=\"\" '
ECHO_C=''
ECHO_N='-n'
ECHO_T=''
EXEEXT=''
LDFLAGS='-L/usr/local/lib -lcurl -lssl -lcrypto -lldap -lz'
LIBOBJS=''
LIBS=''
LTLIBOBJS=''
OBJEXT='o'
PACKAGE_BUGREPORT=''
PACKAGE_NAME=''
PACKAGE_STRING=''
PACKAGE_TARNAME=''
PACKAGE_VERSION=''
PATH_SEPARATOR=':'
SHELL='/bin/sh'
ac_ct_CC='gcc'
bindir='${exec_prefix}/bin'
build_alias=''
datadir='${prefix}/share'
exec_prefix='${prefix}'
host_alias=''
includedir='${prefix}/include'
infodir='${prefix}/info'
libdir='${exec_prefix}/lib'
libexecdir='${exec_prefix}/libexec'
localstatedir='${prefix}/var'
mandir='${prefix}/man'
oldincludedir='/usr/include'
prefix='/usr/local'
program_transform_name='s,x,x,'
sbindir='${exec_prefix}/sbin'
sharedstatedir='${prefix}/com'
sysconfdir='${prefix}/etc'
target_alias=''

## ----------- ##
## confdefs.h. ##
## ----------- ##

#define PACKAGE_BUGREPORT ""
#define PACKAGE_NAME ""
#define PACKAGE_STRING ""
#define PACKAGE_TARNAME ""
#define PACKAGE_VERSION ""

configure: exit 0
